[0m14:10:34.557602 [debug] [MainThread]: Sending event: {'category': 'dbt', 'action': 'invocation', 'label': 'start', 'context': [<snowplow_tracker.self_describing_json.SelfDescribingJson object at 0x0000026FC97D4CE0>, <snowplow_tracker.self_describing_json.SelfDescribingJson object at 0x0000026FC97A32C0>, <snowplow_tracker.self_describing_json.SelfDescribingJson object at 0x0000026FC97A15B0>]}


============================== 14:10:34.564395 | cadb5e7b-fe27-48be-b5dc-798a61082be8 ==============================
[0m14:10:34.564395 [info ] [MainThread]: Running with dbt=1.11.6
[0m14:10:34.565401 [debug] [MainThread]: running dbt with arguments {'static_parser': 'True', 'no_print': 'None', 'version_check': 'True', 'target_path': 'None', 'warn_error_options': 'WarnErrorOptionsV2(error=[], warn=[], silence=[])', 'printer_width': '80', 'write_json': 'True', 'empty': 'None', 'log_cache_events': 'False', 'introspect': 'True', 'cache_selected_only': 'False', 'fail_fast': 'False', 'debug': 'False', 'log_format': 'default', 'partial_parse': 'True', 'send_anonymous_usage_stats': 'True', 'quiet': 'False', 'warn_error': 'None', 'profiles_dir': 'C:\\Users\\mitha\\.dbt', 'invocation_command': 'dbt init', 'use_colors': 'True', 'indirect_selection': 'eager', 'use_experimental_parser': 'False', 'log_path': 'logs'}
[0m14:10:34.590466 [info ] [MainThread]: Creating dbt configuration folder at C:\Users\mitha\.dbt
[0m14:10:51.416890 [debug] [MainThread]: Starter project path: C:\Users\mitha\PycharmProjects\OlympicsApp\.venv\Lib\site-packages\dbt\include\starter_project
[0m14:10:51.441985 [info ] [MainThread]: 
Your new dbt project "olympic_dbt" was created!

For more information on how to configure the profiles.yml file,
please consult the dbt documentation here:

  https://docs.getdbt.com/docs/configure-your-profile

One more thing:

Need help? Don't hesitate to reach out to us via GitHub issues or on Slack:

  https://community.getdbt.com/

Happy modeling!

[0m14:10:51.442983 [info ] [MainThread]: Setting up your profile.
[0m16:20:58.651595 [debug] [MainThread]: Snowflake adapter: Setting snowflake.connector to ERROR (file logging only)
[0m16:20:58.652596 [debug] [MainThread]: Snowflake adapter: Setting botocore to ERROR (file logging only)
[0m16:20:58.652596 [debug] [MainThread]: Snowflake adapter: Setting boto3 to ERROR (file logging only)
[0m16:23:42.407247 [info ] [MainThread]: Profile olympic_dbt written to C:\Users\mitha\.dbt\profiles.yml using target's profile_template.yml and your supplied values. Run 'dbt debug' to validate the connection.
[0m16:23:42.408247 [debug] [MainThread]: Command `dbt init` succeeded at 16:23:42.408247 after 7987.97 seconds
[0m16:23:42.408247 [debug] [MainThread]: Sending event: {'category': 'dbt', 'action': 'invocation', 'label': 'end', 'context': [<snowplow_tracker.self_describing_json.SelfDescribingJson object at 0x0000026FC9D9C8F0>, <snowplow_tracker.self_describing_json.SelfDescribingJson object at 0x0000026FEBC11640>, <snowplow_tracker.self_describing_json.SelfDescribingJson object at 0x0000026FEC49CFB0>]}
[0m16:23:42.409778 [debug] [MainThread]: Flushing usage events
[0m16:23:43.470567 [debug] [MainThread]: An error was encountered while trying to flush usage events
